[2021-04-05T10:36:57.654] [INFO] access - ::ffff:127.0.0.1 - - "GET /api/v1/aws-training-management-system/skill/id/2 HTTP/1.1" 401 - "" "node-superagent/3.8.3"
[2021-04-05T10:36:57.877] [INFO] access - ::ffff:127.0.0.1 - - "GET /api/v1/aws-training-management-system/skill/id/10 HTTP/1.1" 401 - "" "node-superagent/3.8.3"
[2021-04-05T10:36:58.052] [INFO] access - ::ffff:127.0.0.1 - - "GET /api/v1/aws-training-management-system/skill/id/abcd HTTP/1.1" 401 - "" "node-superagent/3.8.3"
[2021-04-05T10:36:58.094] [INFO] access - ::ffff:127.0.0.1 - - "GET /api/v1/aws-training-management-system/skill/id/10 HTTP/1.1" 401 - "" "node-superagent/3.8.3"
[2021-04-05T10:36:58.291] [INFO] access - ::ffff:127.0.0.1 - - "POST /api/v1/aws-training-management-system/skill HTTP/1.1" 200 13 "" "node-superagent/3.8.3"
[2021-04-05T10:36:58.314] [INFO] access - ::ffff:127.0.0.1 - - "POST /api/v1/aws-training-management-system/skill HTTP/1.1" 400 63 "" "node-superagent/3.8.3"
[2021-04-05T10:36:58.339] [INFO] access - ::ffff:127.0.0.1 - - "POST /api/v1/aws-training-management-system/skill HTTP/1.1" 503 62 "" "node-superagent/3.8.3"
[2021-04-05T10:36:58.428] [INFO] access - ::ffff:127.0.0.1 - - "POST /api/v1/aws-training-management-system/skill HTTP/1.1" 409 36 "" "node-superagent/3.8.3"
[2021-04-05T10:36:58.477] [INFO] access - ::ffff:127.0.0.1 - - "PUT /api/v1/aws-training-management-system/skill/1 HTTP/1.1" 200 15 "" "node-superagent/3.8.3"
[2021-04-05T10:36:58.522] [INFO] access - ::ffff:127.0.0.1 - - "PUT /api/v1/aws-training-management-system/skill/1 HTTP/1.1" 404 52 "" "node-superagent/3.8.3"
[2021-04-05T10:36:58.541] [INFO] access - ::ffff:127.0.0.1 - - "PUT /api/v1/aws-training-management-system/skill/fsadfdadsads HTTP/1.1" 400 44 "" "node-superagent/3.8.3"
[2021-04-05T10:36:58.565] [INFO] access - ::ffff:127.0.0.1 - - "PUT /api/v1/aws-training-management-system/skill/1 HTTP/1.1" 400 63 "" "node-superagent/3.8.3"
[2021-04-05T10:36:58.669] [INFO] access - ::ffff:127.0.0.1 - - "DELETE /api/v1/aws-training-management-system/skill/1 HTTP/1.1" 200 15 "" "node-superagent/3.8.3"
[2021-04-05T10:36:58.681] [INFO] access - ::ffff:127.0.0.1 - - "DELETE /api/v1/aws-training-management-system/skill/1 HTTP/1.1" 404 52 "" "node-superagent/3.8.3"
[2021-04-05T10:36:58.695] [INFO] access - ::ffff:127.0.0.1 - - "DELETE /api/v1/aws-training-management-system/skill/sadfdsf HTTP/1.1" 400 44 "" "node-superagent/3.8.3"
[2021-04-05T10:36:58.709] [INFO] access - ::ffff:127.0.0.1 - - "DELETE /api/v1/aws-training-management-system/skill/1 HTTP/1.1" 503 62 "" "node-superagent/3.8.3"
[2021-04-05T10:36:58.734] [INFO] access - ::ffff:127.0.0.1 - - "GET /api/v1/aws-training-management-system/skill/all HTTP/1.1" 200 211 "" "node-superagent/3.8.3"
[2021-04-05T10:36:58.762] [INFO] access - ::ffff:127.0.0.1 - - "GET /api/v1/aws-training-management-system/skill/all HTTP/1.1" 503 62 "" "node-superagent/3.8.3"
[2021-04-05T10:36:58.780] [INFO] access - ::ffff:127.0.0.1 - - "GET /api/v1/aws-training-management-system/skill/all HTTP/1.1" 200 2 "" "node-superagent/3.8.3"
[2021-04-05T10:46:38.731] [INFO] access - ::1 - - "GET /api-docs HTTP/1.1" 301 183 "" "Mozilla/5.0 (Windows NT 10.0; Win64; x64) AppleWebKit/537.36 (KHTML, like Gecko) Chrome/89.0.4389.114 Safari/537.36"
[2021-04-05T10:46:38.743] [INFO] access - ::1 - - "GET /api-docs/ HTTP/1.1" 200 3104 "" "Mozilla/5.0 (Windows NT 10.0; Win64; x64) AppleWebKit/537.36 (KHTML, like Gecko) Chrome/89.0.4389.114 Safari/537.36"
[2021-04-05T10:46:38.839] [INFO] access - ::1 - - "GET /api-docs/swagger-ui.css HTTP/1.1" 304 - "http://localhost:3001/api-docs/" "Mozilla/5.0 (Windows NT 10.0; Win64; x64) AppleWebKit/537.36 (KHTML, like Gecko) Chrome/89.0.4389.114 Safari/537.36"
[2021-04-05T10:46:38.845] [INFO] access - ::1 - - "GET /api-docs/swagger-ui-bundle.js HTTP/1.1" 304 - "http://localhost:3001/api-docs/" "Mozilla/5.0 (Windows NT 10.0; Win64; x64) AppleWebKit/537.36 (KHTML, like Gecko) Chrome/89.0.4389.114 Safari/537.36"
[2021-04-05T10:46:38.852] [INFO] access - ::1 - - "GET /api-docs/swagger-ui-init.js HTTP/1.1" 200 19146 "http://localhost:3001/api-docs/" "Mozilla/5.0 (Windows NT 10.0; Win64; x64) AppleWebKit/537.36 (KHTML, like Gecko) Chrome/89.0.4389.114 Safari/537.36"
[2021-04-05T10:46:38.855] [INFO] access - ::1 - - "GET /api-docs/swagger-ui-standalone-preset.js HTTP/1.1" 304 - "http://localhost:3001/api-docs/" "Mozilla/5.0 (Windows NT 10.0; Win64; x64) AppleWebKit/537.36 (KHTML, like Gecko) Chrome/89.0.4389.114 Safari/537.36"
[2021-04-05T10:47:17.405] [INFO] access - ::1 - - "GET /api-docs/ HTTP/1.1" 304 - "" "Mozilla/5.0 (Windows NT 10.0; Win64; x64) AppleWebKit/537.36 (KHTML, like Gecko) Chrome/89.0.4389.114 Safari/537.36"
[2021-04-05T10:47:17.496] [INFO] access - ::1 - - "GET /api-docs/swagger-ui-init.js HTTP/1.1" 200 19145 "http://localhost:3001/api-docs/" "Mozilla/5.0 (Windows NT 10.0; Win64; x64) AppleWebKit/537.36 (KHTML, like Gecko) Chrome/89.0.4389.114 Safari/537.36"
[2021-04-05T10:47:17.505] [INFO] access - ::1 - - "GET /api-docs/swagger-ui.css HTTP/1.1" 304 - "http://localhost:3001/api-docs/" "Mozilla/5.0 (Windows NT 10.0; Win64; x64) AppleWebKit/537.36 (KHTML, like Gecko) Chrome/89.0.4389.114 Safari/537.36"
[2021-04-05T10:47:17.508] [INFO] access - ::1 - - "GET /api-docs/swagger-ui-bundle.js HTTP/1.1" 304 - "http://localhost:3001/api-docs/" "Mozilla/5.0 (Windows NT 10.0; Win64; x64) AppleWebKit/537.36 (KHTML, like Gecko) Chrome/89.0.4389.114 Safari/537.36"
[2021-04-05T10:47:17.511] [INFO] access - ::1 - - "GET /api-docs/swagger-ui-standalone-preset.js HTTP/1.1" 304 - "http://localhost:3001/api-docs/" "Mozilla/5.0 (Windows NT 10.0; Win64; x64) AppleWebKit/537.36 (KHTML, like Gecko) Chrome/89.0.4389.114 Safari/537.36"
[2021-04-05T10:47:18.037] [INFO] access - ::1 - - "GET /api-docs/favicon-32x32.png HTTP/1.1" 200 628 "http://localhost:3001/api-docs/" "Mozilla/5.0 (Windows NT 10.0; Win64; x64) AppleWebKit/537.36 (KHTML, like Gecko) Chrome/89.0.4389.114 Safari/537.36"
[2021-04-05T10:47:30.701] [INFO] access - ::1 - - "POST /api/v1/aws-training-management-system/user/login HTTP/1.1" 200 200 "http://localhost:3001/api-docs/" "Mozilla/5.0 (Windows NT 10.0; Win64; x64) AppleWebKit/537.36 (KHTML, like Gecko) Chrome/89.0.4389.114 Safari/537.36"
[2021-04-05T11:35:37.532] [INFO] access - ::1 - - "GET /api-docs/ HTTP/1.1" 304 - "" "Mozilla/5.0 (Windows NT 10.0; Win64; x64) AppleWebKit/537.36 (KHTML, like Gecko) Chrome/89.0.4389.114 Safari/537.36"
[2021-04-05T11:35:37.613] [INFO] access - ::1 - - "GET /api-docs/swagger-ui-init.js HTTP/1.1" 304 - "http://localhost:3001/api-docs/" "Mozilla/5.0 (Windows NT 10.0; Win64; x64) AppleWebKit/537.36 (KHTML, like Gecko) Chrome/89.0.4389.114 Safari/537.36"
[2021-04-05T11:35:37.619] [INFO] access - ::1 - - "GET /api-docs/swagger-ui.css HTTP/1.1" 304 - "http://localhost:3001/api-docs/" "Mozilla/5.0 (Windows NT 10.0; Win64; x64) AppleWebKit/537.36 (KHTML, like Gecko) Chrome/89.0.4389.114 Safari/537.36"
[2021-04-05T11:35:37.622] [INFO] access - ::1 - - "GET /api-docs/swagger-ui-bundle.js HTTP/1.1" 304 - "http://localhost:3001/api-docs/" "Mozilla/5.0 (Windows NT 10.0; Win64; x64) AppleWebKit/537.36 (KHTML, like Gecko) Chrome/89.0.4389.114 Safari/537.36"
[2021-04-05T11:35:37.628] [INFO] access - ::1 - - "GET /api-docs/swagger-ui-standalone-preset.js HTTP/1.1" 304 - "http://localhost:3001/api-docs/" "Mozilla/5.0 (Windows NT 10.0; Win64; x64) AppleWebKit/537.36 (KHTML, like Gecko) Chrome/89.0.4389.114 Safari/537.36"
[2021-04-05T11:35:38.455] [INFO] access - ::1 - - "GET /api-docs/favicon-32x32.png HTTP/1.1" 304 - "http://localhost:3001/api-docs/" "Mozilla/5.0 (Windows NT 10.0; Win64; x64) AppleWebKit/537.36 (KHTML, like Gecko) Chrome/89.0.4389.114 Safari/537.36"
[2021-04-05T11:36:04.574] [INFO] access - ::1 - - "POST /api/v1/aws-training-management-system/user/login HTTP/1.1" 200 200 "http://localhost:3001/api-docs/" "Mozilla/5.0 (Windows NT 10.0; Win64; x64) AppleWebKit/537.36 (KHTML, like Gecko) Chrome/89.0.4389.114 Safari/537.36"
[2021-04-05T11:36:41.827] [INFO] access - ::1 - - "GET /api/v1/aws-training-management-system/user/all HTTP/1.1" 401 - "http://localhost:3001/api-docs/" "Mozilla/5.0 (Windows NT 10.0; Win64; x64) AppleWebKit/537.36 (KHTML, like Gecko) Chrome/89.0.4389.114 Safari/537.36"
[2021-04-05T11:36:53.519] [INFO] access - ::1 - - "GET /api/v1/aws-training-management-system/user/all HTTP/1.1" 200 383 "http://localhost:3001/api-docs/" "Mozilla/5.0 (Windows NT 10.0; Win64; x64) AppleWebKit/537.36 (KHTML, like Gecko) Chrome/89.0.4389.114 Safari/537.36"
[2021-04-05T11:38:36.833] [INFO] access - ::1 - - "GET /api/v1/aws-training-management-system/user/logout HTTP/1.1" 400 19 "http://localhost:3001/api-docs/" "Mozilla/5.0 (Windows NT 10.0; Win64; x64) AppleWebKit/537.36 (KHTML, like Gecko) Chrome/89.0.4389.114 Safari/537.36"
[2021-04-05T11:38:49.263] [INFO] access - ::1 - - "GET /api-docs/ HTTP/1.1" 304 - "" "Mozilla/5.0 (Windows NT 10.0; Win64; x64) AppleWebKit/537.36 (KHTML, like Gecko) Chrome/89.0.4389.114 Safari/537.36"
[2021-04-05T11:38:49.400] [INFO] access - ::1 - - "GET /api-docs/swagger-ui-init.js HTTP/1.1" 304 - "http://localhost:3001/api-docs/" "Mozilla/5.0 (Windows NT 10.0; Win64; x64) AppleWebKit/537.36 (KHTML, like Gecko) Chrome/89.0.4389.114 Safari/537.36"
[2021-04-05T11:38:49.408] [INFO] access - ::1 - - "GET /api-docs/swagger-ui.css HTTP/1.1" 304 - "http://localhost:3001/api-docs/" "Mozilla/5.0 (Windows NT 10.0; Win64; x64) AppleWebKit/537.36 (KHTML, like Gecko) Chrome/89.0.4389.114 Safari/537.36"
[2021-04-05T11:38:49.412] [INFO] access - ::1 - - "GET /api-docs/swagger-ui-bundle.js HTTP/1.1" 304 - "http://localhost:3001/api-docs/" "Mozilla/5.0 (Windows NT 10.0; Win64; x64) AppleWebKit/537.36 (KHTML, like Gecko) Chrome/89.0.4389.114 Safari/537.36"
[2021-04-05T11:38:49.415] [INFO] access - ::1 - - "GET /api-docs/swagger-ui-standalone-preset.js HTTP/1.1" 304 - "http://localhost:3001/api-docs/" "Mozilla/5.0 (Windows NT 10.0; Win64; x64) AppleWebKit/537.36 (KHTML, like Gecko) Chrome/89.0.4389.114 Safari/537.36"
[2021-04-05T11:38:50.460] [INFO] access - ::1 - - "GET /api-docs/favicon-32x32.png HTTP/1.1" 304 - "http://localhost:3001/api-docs/" "Mozilla/5.0 (Windows NT 10.0; Win64; x64) AppleWebKit/537.36 (KHTML, like Gecko) Chrome/89.0.4389.114 Safari/537.36"
[2021-04-05T11:39:06.960] [INFO] access - ::1 - - "POST /api/v1/aws-training-management-system/user/login HTTP/1.1" 200 200 "http://localhost:3001/api-docs/" "Mozilla/5.0 (Windows NT 10.0; Win64; x64) AppleWebKit/537.36 (KHTML, like Gecko) Chrome/89.0.4389.114 Safari/537.36"
[2021-04-05T11:40:31.731] [INFO] access - ::1 - - "POST /api/v1/aws-training-management-system/user/login HTTP/1.1" 200 200 "http://localhost:3001/api-docs/" "Mozilla/5.0 (Windows NT 10.0; Win64; x64) AppleWebKit/537.36 (KHTML, like Gecko) Chrome/89.0.4389.114 Safari/537.36"
[2021-04-05T11:41:11.041] [INFO] access - ::1 - - "GET /api/v1/aws-training-management-system/user/all HTTP/1.1" 304 - "http://localhost:3001/api-docs/" "Mozilla/5.0 (Windows NT 10.0; Win64; x64) AppleWebKit/537.36 (KHTML, like Gecko) Chrome/89.0.4389.114 Safari/537.36"
[2021-04-05T11:41:19.634] [INFO] access - ::1 - - "GET /api/v1/aws-training-management-system/user/logout HTTP/1.1" 400 19 "http://localhost:3001/api-docs/" "Mozilla/5.0 (Windows NT 10.0; Win64; x64) AppleWebKit/537.36 (KHTML, like Gecko) Chrome/89.0.4389.114 Safari/537.36"
[2021-04-05T11:57:21.902] [INFO] access - ::1 - - "GET /api/v1/aws-training-management-system/user/logout HTTP/1.1" 400 19 "http://localhost:3001/api-docs/" "Mozilla/5.0 (Windows NT 10.0; Win64; x64) AppleWebKit/537.36 (KHTML, like Gecko) Chrome/89.0.4389.114 Safari/537.36"
[2021-04-05T11:58:46.818] [INFO] access - ::1 - - "GET /api-docs/ HTTP/1.1" 304 - "" "Mozilla/5.0 (Windows NT 10.0; Win64; x64) AppleWebKit/537.36 (KHTML, like Gecko) Chrome/89.0.4389.114 Safari/537.36"
[2021-04-05T11:58:46.927] [INFO] access - ::1 - - "GET /api-docs/swagger-ui.css HTTP/1.1" 304 - "http://localhost:3001/api-docs/" "Mozilla/5.0 (Windows NT 10.0; Win64; x64) AppleWebKit/537.36 (KHTML, like Gecko) Chrome/89.0.4389.114 Safari/537.36"
[2021-04-05T11:58:46.940] [INFO] access - ::1 - - "GET /api-docs/swagger-ui-init.js HTTP/1.1" 304 - "http://localhost:3001/api-docs/" "Mozilla/5.0 (Windows NT 10.0; Win64; x64) AppleWebKit/537.36 (KHTML, like Gecko) Chrome/89.0.4389.114 Safari/537.36"
[2021-04-05T11:58:46.943] [INFO] access - ::1 - - "GET /api-docs/swagger-ui-bundle.js HTTP/1.1" 304 - "http://localhost:3001/api-docs/" "Mozilla/5.0 (Windows NT 10.0; Win64; x64) AppleWebKit/537.36 (KHTML, like Gecko) Chrome/89.0.4389.114 Safari/537.36"
[2021-04-05T11:58:46.946] [INFO] access - ::1 - - "GET /api-docs/swagger-ui-standalone-preset.js HTTP/1.1" 304 - "http://localhost:3001/api-docs/" "Mozilla/5.0 (Windows NT 10.0; Win64; x64) AppleWebKit/537.36 (KHTML, like Gecko) Chrome/89.0.4389.114 Safari/537.36"
[2021-04-05T11:58:47.836] [INFO] access - ::1 - - "GET /api-docs/favicon-32x32.png HTTP/1.1" 304 - "http://localhost:3001/api-docs/" "Mozilla/5.0 (Windows NT 10.0; Win64; x64) AppleWebKit/537.36 (KHTML, like Gecko) Chrome/89.0.4389.114 Safari/537.36"
[2021-04-05T11:58:51.247] [INFO] access - ::1 - - "GET /api/v1/aws-training-management-system/user/all HTTP/1.1" 401 - "http://localhost:3001/api-docs/" "Mozilla/5.0 (Windows NT 10.0; Win64; x64) AppleWebKit/537.36 (KHTML, like Gecko) Chrome/89.0.4389.114 Safari/537.36"
[2021-04-05T11:59:02.993] [INFO] access - ::1 - - "POST /api/v1/aws-training-management-system/user/login HTTP/1.1" 200 200 "http://localhost:3001/api-docs/" "Mozilla/5.0 (Windows NT 10.0; Win64; x64) AppleWebKit/537.36 (KHTML, like Gecko) Chrome/89.0.4389.114 Safari/537.36"
[2021-04-05T11:59:29.325] [INFO] access - ::1 - - "GET /api/v1/aws-training-management-system/user/all HTTP/1.1" 401 - "http://localhost:3001/api-docs/" "Mozilla/5.0 (Windows NT 10.0; Win64; x64) AppleWebKit/537.36 (KHTML, like Gecko) Chrome/89.0.4389.114 Safari/537.36"
[2021-04-05T11:59:42.331] [INFO] access - ::1 - - "GET /api/v1/aws-training-management-system/user/all HTTP/1.1" 304 - "http://localhost:3001/api-docs/" "Mozilla/5.0 (Windows NT 10.0; Win64; x64) AppleWebKit/537.36 (KHTML, like Gecko) Chrome/89.0.4389.114 Safari/537.36"
[2021-04-05T12:00:04.421] [INFO] access - ::1 - - "GET /api/v1/aws-training-management-system/user/logout HTTP/1.1" 500 1653 "http://localhost:3001/api-docs/" "Mozilla/5.0 (Windows NT 10.0; Win64; x64) AppleWebKit/537.36 (KHTML, like Gecko) Chrome/89.0.4389.114 Safari/537.36"
[2021-04-05T12:00:31.076] [INFO] access - ::1 - - "GET /api/v1/aws-training-management-system/user/logout HTTP/1.1" 400 19 "http://localhost:3001/api-docs/" "Mozilla/5.0 (Windows NT 10.0; Win64; x64) AppleWebKit/537.36 (KHTML, like Gecko) Chrome/89.0.4389.114 Safari/537.36"
[2021-04-05T12:16:07.823] [INFO] access - ::1 - - "GET /api-docs/ HTTP/1.1" 304 - "" "Mozilla/5.0 (Windows NT 10.0; Win64; x64) AppleWebKit/537.36 (KHTML, like Gecko) Chrome/89.0.4389.114 Safari/537.36"
[2021-04-05T12:16:07.926] [INFO] access - ::1 - - "GET /api-docs/swagger-ui.css HTTP/1.1" 304 - "http://localhost:3001/api-docs/" "Mozilla/5.0 (Windows NT 10.0; Win64; x64) AppleWebKit/537.36 (KHTML, like Gecko) Chrome/89.0.4389.114 Safari/537.36"
[2021-04-05T12:16:07.929] [INFO] access - ::1 - - "GET /api-docs/swagger-ui-bundle.js HTTP/1.1" 304 - "http://localhost:3001/api-docs/" "Mozilla/5.0 (Windows NT 10.0; Win64; x64) AppleWebKit/537.36 (KHTML, like Gecko) Chrome/89.0.4389.114 Safari/537.36"
[2021-04-05T12:16:07.936] [INFO] access - ::1 - - "GET /api-docs/swagger-ui-init.js HTTP/1.1" 304 - "http://localhost:3001/api-docs/" "Mozilla/5.0 (Windows NT 10.0; Win64; x64) AppleWebKit/537.36 (KHTML, like Gecko) Chrome/89.0.4389.114 Safari/537.36"
[2021-04-05T12:16:07.940] [INFO] access - ::1 - - "GET /api-docs/swagger-ui-standalone-preset.js HTTP/1.1" 304 - "http://localhost:3001/api-docs/" "Mozilla/5.0 (Windows NT 10.0; Win64; x64) AppleWebKit/537.36 (KHTML, like Gecko) Chrome/89.0.4389.114 Safari/537.36"
[2021-04-05T12:16:09.035] [INFO] access - ::1 - - "GET /api-docs/favicon-32x32.png HTTP/1.1" 304 - "http://localhost:3001/api-docs/" "Mozilla/5.0 (Windows NT 10.0; Win64; x64) AppleWebKit/537.36 (KHTML, like Gecko) Chrome/89.0.4389.114 Safari/537.36"
[2021-04-05T12:17:35.834] [INFO] access - ::1 - - "POST /api/v1/aws-training-management-system/user/login HTTP/1.1" 200 200 "http://localhost:3001/api-docs/" "Mozilla/5.0 (Windows NT 10.0; Win64; x64) AppleWebKit/537.36 (KHTML, like Gecko) Chrome/89.0.4389.114 Safari/537.36"
[2021-04-05T12:18:30.531] [INFO] access - ::1 - - "GET /api/v1/aws-training-management-system/user/logout HTTP/1.1" 400 19 "http://localhost:3001/api-docs/" "Mozilla/5.0 (Windows NT 10.0; Win64; x64) AppleWebKit/537.36 (KHTML, like Gecko) Chrome/89.0.4389.114 Safari/537.36"
[2021-04-05T12:26:38.957] [INFO] access - ::1 - - "GET /api-docs/ HTTP/1.1" 304 - "" "Mozilla/5.0 (Windows NT 10.0; Win64; x64) AppleWebKit/537.36 (KHTML, like Gecko) Chrome/89.0.4389.114 Safari/537.36"
[2021-04-05T12:26:39.052] [INFO] access - ::1 - - "GET /api-docs/swagger-ui.css HTTP/1.1" 304 - "http://localhost:3001/api-docs/" "Mozilla/5.0 (Windows NT 10.0; Win64; x64) AppleWebKit/537.36 (KHTML, like Gecko) Chrome/89.0.4389.114 Safari/537.36"
[2021-04-05T12:26:39.061] [INFO] access - ::1 - - "GET /api-docs/swagger-ui-bundle.js HTTP/1.1" 304 - "http://localhost:3001/api-docs/" "Mozilla/5.0 (Windows NT 10.0; Win64; x64) AppleWebKit/537.36 (KHTML, like Gecko) Chrome/89.0.4389.114 Safari/537.36"
[2021-04-05T12:26:39.067] [INFO] access - ::1 - - "GET /api-docs/swagger-ui-init.js HTTP/1.1" 304 - "http://localhost:3001/api-docs/" "Mozilla/5.0 (Windows NT 10.0; Win64; x64) AppleWebKit/537.36 (KHTML, like Gecko) Chrome/89.0.4389.114 Safari/537.36"
[2021-04-05T12:26:39.072] [INFO] access - ::1 - - "GET /api-docs/swagger-ui-standalone-preset.js HTTP/1.1" 304 - "http://localhost:3001/api-docs/" "Mozilla/5.0 (Windows NT 10.0; Win64; x64) AppleWebKit/537.36 (KHTML, like Gecko) Chrome/89.0.4389.114 Safari/537.36"
[2021-04-05T12:26:40.146] [INFO] access - ::1 - - "GET /api-docs/favicon-32x32.png HTTP/1.1" 304 - "http://localhost:3001/api-docs/" "Mozilla/5.0 (Windows NT 10.0; Win64; x64) AppleWebKit/537.36 (KHTML, like Gecko) Chrome/89.0.4389.114 Safari/537.36"
[2021-04-05T12:26:45.546] [INFO] access - ::1 - - "GET /api-docs/ HTTP/1.1" 304 - "" "Mozilla/5.0 (Windows NT 10.0; Win64; x64) AppleWebKit/537.36 (KHTML, like Gecko) Chrome/89.0.4389.114 Safari/537.36"
[2021-04-05T12:26:45.625] [INFO] access - ::1 - - "GET /api-docs/swagger-ui.css HTTP/1.1" 304 - "http://localhost:3001/api-docs/" "Mozilla/5.0 (Windows NT 10.0; Win64; x64) AppleWebKit/537.36 (KHTML, like Gecko) Chrome/89.0.4389.114 Safari/537.36"
[2021-04-05T12:26:45.628] [INFO] access - ::1 - - "GET /api-docs/swagger-ui-bundle.js HTTP/1.1" 304 - "http://localhost:3001/api-docs/" "Mozilla/5.0 (Windows NT 10.0; Win64; x64) AppleWebKit/537.36 (KHTML, like Gecko) Chrome/89.0.4389.114 Safari/537.36"
[2021-04-05T12:26:45.636] [INFO] access - ::1 - - "GET /api-docs/swagger-ui-init.js HTTP/1.1" 304 - "http://localhost:3001/api-docs/" "Mozilla/5.0 (Windows NT 10.0; Win64; x64) AppleWebKit/537.36 (KHTML, like Gecko) Chrome/89.0.4389.114 Safari/537.36"
[2021-04-05T12:26:45.640] [INFO] access - ::1 - - "GET /api-docs/swagger-ui-standalone-preset.js HTTP/1.1" 304 - "http://localhost:3001/api-docs/" "Mozilla/5.0 (Windows NT 10.0; Win64; x64) AppleWebKit/537.36 (KHTML, like Gecko) Chrome/89.0.4389.114 Safari/537.36"
[2021-04-05T12:26:47.049] [INFO] access - ::1 - - "GET /api-docs/favicon-32x32.png HTTP/1.1" 304 - "http://localhost:3001/api-docs/" "Mozilla/5.0 (Windows NT 10.0; Win64; x64) AppleWebKit/537.36 (KHTML, like Gecko) Chrome/89.0.4389.114 Safari/537.36"
[2021-04-05T12:26:56.114] [INFO] access - ::1 - - "POST /api/v1/aws-training-management-system/user/login HTTP/1.1" 200 200 "http://localhost:3001/api-docs/" "Mozilla/5.0 (Windows NT 10.0; Win64; x64) AppleWebKit/537.36 (KHTML, like Gecko) Chrome/89.0.4389.114 Safari/537.36"
[2021-04-05T12:27:19.811] [INFO] access - ::1 - - "GET /api/v1/aws-training-management-system/user/all HTTP/1.1" 304 - "http://localhost:3001/api-docs/" "Mozilla/5.0 (Windows NT 10.0; Win64; x64) AppleWebKit/537.36 (KHTML, like Gecko) Chrome/89.0.4389.114 Safari/537.36"
[2021-04-05T12:27:25.527] [INFO] access - ::1 - - "GET /api/v1/aws-training-management-system/user/logout HTTP/1.1" 400 19 "http://localhost:3001/api-docs/" "Mozilla/5.0 (Windows NT 10.0; Win64; x64) AppleWebKit/537.36 (KHTML, like Gecko) Chrome/89.0.4389.114 Safari/537.36"
[2021-04-05T12:28:05.106] [INFO] access - ::1 - - "GET /api/v1/aws-training-management-system/user/logout HTTP/1.1" 400 19 "http://localhost:3001/api-docs/" "Mozilla/5.0 (Windows NT 10.0; Win64; x64) AppleWebKit/537.36 (KHTML, like Gecko) Chrome/89.0.4389.114 Safari/537.36"
[2021-04-05T12:28:24.245] [INFO] access - ::1 - - "GET /api/v1/aws-training-management-system/user/logout HTTP/1.1" 400 19 "http://localhost:3001/api-docs/" "Mozilla/5.0 (Windows NT 10.0; Win64; x64) AppleWebKit/537.36 (KHTML, like Gecko) Chrome/89.0.4389.114 Safari/537.36"
[2021-04-05T12:28:28.393] [INFO] access - ::1 - - "GET /api/v1/aws-training-management-system/user/logout HTTP/1.1" 400 19 "http://localhost:3001/api-docs/" "Mozilla/5.0 (Windows NT 10.0; Win64; x64) AppleWebKit/537.36 (KHTML, like Gecko) Chrome/89.0.4389.114 Safari/537.36"
[2021-04-05T12:28:32.970] [INFO] access - ::1 - - "GET /api/v1/aws-training-management-system/user/logout HTTP/1.1" 400 19 "http://localhost:3001/api-docs/" "Mozilla/5.0 (Windows NT 10.0; Win64; x64) AppleWebKit/537.36 (KHTML, like Gecko) Chrome/89.0.4389.114 Safari/537.36"
[2021-04-05T12:28:58.901] [INFO] access - ::1 - - "GET /api-docs/ HTTP/1.1" 304 - "" "Mozilla/5.0 (Windows NT 10.0; Win64; x64) AppleWebKit/537.36 (KHTML, like Gecko) Chrome/89.0.4389.114 Safari/537.36"
[2021-04-05T12:28:59.015] [INFO] access - ::1 - - "GET /api-docs/swagger-ui.css HTTP/1.1" 304 - "http://localhost:3001/api-docs/" "Mozilla/5.0 (Windows NT 10.0; Win64; x64) AppleWebKit/537.36 (KHTML, like Gecko) Chrome/89.0.4389.114 Safari/537.36"
[2021-04-05T12:28:59.034] [INFO] access - ::1 - - "GET /api-docs/swagger-ui-bundle.js HTTP/1.1" 304 - "http://localhost:3001/api-docs/" "Mozilla/5.0 (Windows NT 10.0; Win64; x64) AppleWebKit/537.36 (KHTML, like Gecko) Chrome/89.0.4389.114 Safari/537.36"
[2021-04-05T12:28:59.047] [INFO] access - ::1 - - "GET /api-docs/swagger-ui-init.js HTTP/1.1" 304 - "http://localhost:3001/api-docs/" "Mozilla/5.0 (Windows NT 10.0; Win64; x64) AppleWebKit/537.36 (KHTML, like Gecko) Chrome/89.0.4389.114 Safari/537.36"
[2021-04-05T12:28:59.050] [INFO] access - ::1 - - "GET /api-docs/swagger-ui-standalone-preset.js HTTP/1.1" 304 - "http://localhost:3001/api-docs/" "Mozilla/5.0 (Windows NT 10.0; Win64; x64) AppleWebKit/537.36 (KHTML, like Gecko) Chrome/89.0.4389.114 Safari/537.36"
[2021-04-05T12:29:00.410] [INFO] access - ::1 - - "GET /api-docs/favicon-32x32.png HTTP/1.1" 304 - "http://localhost:3001/api-docs/" "Mozilla/5.0 (Windows NT 10.0; Win64; x64) AppleWebKit/537.36 (KHTML, like Gecko) Chrome/89.0.4389.114 Safari/537.36"
[2021-04-05T12:29:11.254] [INFO] access - ::1 - - "POST /api/v1/aws-training-management-system/user/login HTTP/1.1" 200 200 "http://localhost:3001/api-docs/" "Mozilla/5.0 (Windows NT 10.0; Win64; x64) AppleWebKit/537.36 (KHTML, like Gecko) Chrome/89.0.4389.114 Safari/537.36"
[2021-04-05T12:29:27.817] [INFO] access - ::1 - - "GET /api/v1/aws-training-management-system/user/all HTTP/1.1" 304 - "http://localhost:3001/api-docs/" "Mozilla/5.0 (Windows NT 10.0; Win64; x64) AppleWebKit/537.36 (KHTML, like Gecko) Chrome/89.0.4389.114 Safari/537.36"
[2021-04-05T12:30:32.285] [INFO] access - ::1 - - "GET /api-docs/ HTTP/1.1" 304 - "" "Mozilla/5.0 (Windows NT 10.0; Win64; x64) AppleWebKit/537.36 (KHTML, like Gecko) Chrome/89.0.4389.114 Safari/537.36"
[2021-04-05T12:30:32.356] [INFO] access - ::1 - - "GET /api-docs/swagger-ui.css HTTP/1.1" 304 - "http://localhost:3001/api-docs/" "Mozilla/5.0 (Windows NT 10.0; Win64; x64) AppleWebKit/537.36 (KHTML, like Gecko) Chrome/89.0.4389.114 Safari/537.36"
[2021-04-05T12:30:32.365] [INFO] access - ::1 - - "GET /api-docs/swagger-ui-bundle.js HTTP/1.1" 304 - "http://localhost:3001/api-docs/" "Mozilla/5.0 (Windows NT 10.0; Win64; x64) AppleWebKit/537.36 (KHTML, like Gecko) Chrome/89.0.4389.114 Safari/537.36"
[2021-04-05T12:30:32.374] [INFO] access - ::1 - - "GET /api-docs/swagger-ui-init.js HTTP/1.1" 304 - "http://localhost:3001/api-docs/" "Mozilla/5.0 (Windows NT 10.0; Win64; x64) AppleWebKit/537.36 (KHTML, like Gecko) Chrome/89.0.4389.114 Safari/537.36"
[2021-04-05T12:30:32.376] [INFO] access - ::1 - - "GET /api-docs/swagger-ui-standalone-preset.js HTTP/1.1" 304 - "http://localhost:3001/api-docs/" "Mozilla/5.0 (Windows NT 10.0; Win64; x64) AppleWebKit/537.36 (KHTML, like Gecko) Chrome/89.0.4389.114 Safari/537.36"
[2021-04-05T12:30:33.427] [INFO] access - ::1 - - "GET /api-docs/favicon-32x32.png HTTP/1.1" 304 - "http://localhost:3001/api-docs/" "Mozilla/5.0 (Windows NT 10.0; Win64; x64) AppleWebKit/537.36 (KHTML, like Gecko) Chrome/89.0.4389.114 Safari/537.36"
[2021-04-05T12:30:47.241] [INFO] access - ::1 - - "POST /api/v1/aws-training-management-system/user/login HTTP/1.1" 200 200 "http://localhost:3001/api-docs/" "Mozilla/5.0 (Windows NT 10.0; Win64; x64) AppleWebKit/537.36 (KHTML, like Gecko) Chrome/89.0.4389.114 Safari/537.36"
[2021-04-05T12:31:04.609] [INFO] access - ::1 - - "GET /api/v1/aws-training-management-system/user/all HTTP/1.1" 304 - "http://localhost:3001/api-docs/" "Mozilla/5.0 (Windows NT 10.0; Win64; x64) AppleWebKit/537.36 (KHTML, like Gecko) Chrome/89.0.4389.114 Safari/537.36"
[2021-04-05T12:31:41.196] [INFO] access - ::1 - - "GET /api-docs/ HTTP/1.1" 304 - "" "Mozilla/5.0 (Windows NT 10.0; Win64; x64) AppleWebKit/537.36 (KHTML, like Gecko) Chrome/89.0.4389.114 Safari/537.36"
[2021-04-05T12:31:41.291] [INFO] access - ::1 - - "GET /api-docs/swagger-ui.css HTTP/1.1" 304 - "http://localhost:3001/api-docs/" "Mozilla/5.0 (Windows NT 10.0; Win64; x64) AppleWebKit/537.36 (KHTML, like Gecko) Chrome/89.0.4389.114 Safari/537.36"
[2021-04-05T12:31:41.294] [INFO] access - ::1 - - "GET /api-docs/swagger-ui-bundle.js HTTP/1.1" 304 - "http://localhost:3001/api-docs/" "Mozilla/5.0 (Windows NT 10.0; Win64; x64) AppleWebKit/537.36 (KHTML, like Gecko) Chrome/89.0.4389.114 Safari/537.36"
[2021-04-05T12:31:41.301] [INFO] access - ::1 - - "GET /api-docs/swagger-ui-init.js HTTP/1.1" 304 - "http://localhost:3001/api-docs/" "Mozilla/5.0 (Windows NT 10.0; Win64; x64) AppleWebKit/537.36 (KHTML, like Gecko) Chrome/89.0.4389.114 Safari/537.36"
[2021-04-05T12:31:41.307] [INFO] access - ::1 - - "GET /api-docs/swagger-ui-standalone-preset.js HTTP/1.1" 304 - "http://localhost:3001/api-docs/" "Mozilla/5.0 (Windows NT 10.0; Win64; x64) AppleWebKit/537.36 (KHTML, like Gecko) Chrome/89.0.4389.114 Safari/537.36"
[2021-04-05T12:31:42.010] [INFO] access - ::1 - - "GET /api-docs/favicon-32x32.png HTTP/1.1" 304 - "http://localhost:3001/api-docs/" "Mozilla/5.0 (Windows NT 10.0; Win64; x64) AppleWebKit/537.36 (KHTML, like Gecko) Chrome/89.0.4389.114 Safari/537.36"
[2021-04-05T12:31:58.786] [INFO] access - ::1 - - "POST /api/v1/aws-training-management-system/user/login HTTP/1.1" 200 200 "http://localhost:3001/api-docs/" "Mozilla/5.0 (Windows NT 10.0; Win64; x64) AppleWebKit/537.36 (KHTML, like Gecko) Chrome/89.0.4389.114 Safari/537.36"
[2021-04-05T12:32:22.332] [INFO] access - ::1 - - "GET /api/v1/aws-training-management-system/user/logout HTTP/1.1" 400 19 "http://localhost:3001/api-docs/" "Mozilla/5.0 (Windows NT 10.0; Win64; x64) AppleWebKit/537.36 (KHTML, like Gecko) Chrome/89.0.4389.114 Safari/537.36"
[2021-04-05T12:33:07.974] [INFO] access - ::1 - - "GET /api-docs/ HTTP/1.1" 304 - "" "Mozilla/5.0 (Windows NT 10.0; Win64; x64) AppleWebKit/537.36 (KHTML, like Gecko) Chrome/89.0.4389.114 Safari/537.36"
[2021-04-05T12:33:08.066] [INFO] access - ::1 - - "GET /api-docs/swagger-ui.css HTTP/1.1" 304 - "http://localhost:3001/api-docs/" "Mozilla/5.0 (Windows NT 10.0; Win64; x64) AppleWebKit/537.36 (KHTML, like Gecko) Chrome/89.0.4389.114 Safari/537.36"
[2021-04-05T12:33:08.083] [INFO] access - ::1 - - "GET /api-docs/swagger-ui-bundle.js HTTP/1.1" 304 - "http://localhost:3001/api-docs/" "Mozilla/5.0 (Windows NT 10.0; Win64; x64) AppleWebKit/537.36 (KHTML, like Gecko) Chrome/89.0.4389.114 Safari/537.36"
[2021-04-05T12:33:08.086] [INFO] access - ::1 - - "GET /api-docs/swagger-ui-standalone-preset.js HTTP/1.1" 304 - "http://localhost:3001/api-docs/" "Mozilla/5.0 (Windows NT 10.0; Win64; x64) AppleWebKit/537.36 (KHTML, like Gecko) Chrome/89.0.4389.114 Safari/537.36"
[2021-04-05T12:33:08.089] [INFO] access - ::1 - - "GET /api-docs/swagger-ui-init.js HTTP/1.1" 304 - "http://localhost:3001/api-docs/" "Mozilla/5.0 (Windows NT 10.0; Win64; x64) AppleWebKit/537.36 (KHTML, like Gecko) Chrome/89.0.4389.114 Safari/537.36"
[2021-04-05T12:33:09.000] [INFO] access - ::1 - - "GET /api-docs/favicon-32x32.png HTTP/1.1" 304 - "http://localhost:3001/api-docs/" "Mozilla/5.0 (Windows NT 10.0; Win64; x64) AppleWebKit/537.36 (KHTML, like Gecko) Chrome/89.0.4389.114 Safari/537.36"
[2021-04-05T12:33:17.587] [INFO] access - ::1 - - "POST /api/v1/aws-training-management-system/user/login HTTP/1.1" 200 200 "http://localhost:3001/api-docs/" "Mozilla/5.0 (Windows NT 10.0; Win64; x64) AppleWebKit/537.36 (KHTML, like Gecko) Chrome/89.0.4389.114 Safari/537.36"
[2021-04-05T12:33:40.989] [INFO] access - ::1 - - "GET /api/v1/aws-training-management-system/user/all HTTP/1.1" 304 - "http://localhost:3001/api-docs/" "Mozilla/5.0 (Windows NT 10.0; Win64; x64) AppleWebKit/537.36 (KHTML, like Gecko) Chrome/89.0.4389.114 Safari/537.36"
[2021-04-05T12:35:50.352] [INFO] access - ::1 - - "GET /api-docs/ HTTP/1.1" 304 - "" "Mozilla/5.0 (Windows NT 10.0; Win64; x64) AppleWebKit/537.36 (KHTML, like Gecko) Chrome/89.0.4389.114 Safari/537.36"
[2021-04-05T12:35:50.466] [INFO] access - ::1 - - "GET /api-docs/swagger-ui.css HTTP/1.1" 304 - "http://localhost:3001/api-docs/" "Mozilla/5.0 (Windows NT 10.0; Win64; x64) AppleWebKit/537.36 (KHTML, like Gecko) Chrome/89.0.4389.114 Safari/537.36"
[2021-04-05T12:35:50.476] [INFO] access - ::1 - - "GET /api-docs/swagger-ui-bundle.js HTTP/1.1" 304 - "http://localhost:3001/api-docs/" "Mozilla/5.0 (Windows NT 10.0; Win64; x64) AppleWebKit/537.36 (KHTML, like Gecko) Chrome/89.0.4389.114 Safari/537.36"
[2021-04-05T12:35:50.483] [INFO] access - ::1 - - "GET /api-docs/swagger-ui-init.js HTTP/1.1" 304 - "http://localhost:3001/api-docs/" "Mozilla/5.0 (Windows NT 10.0; Win64; x64) AppleWebKit/537.36 (KHTML, like Gecko) Chrome/89.0.4389.114 Safari/537.36"
[2021-04-05T12:35:50.487] [INFO] access - ::1 - - "GET /api-docs/swagger-ui-standalone-preset.js HTTP/1.1" 304 - "http://localhost:3001/api-docs/" "Mozilla/5.0 (Windows NT 10.0; Win64; x64) AppleWebKit/537.36 (KHTML, like Gecko) Chrome/89.0.4389.114 Safari/537.36"
[2021-04-05T12:35:51.683] [INFO] access - ::1 - - "GET /api-docs/favicon-32x32.png HTTP/1.1" 304 - "http://localhost:3001/api-docs/" "Mozilla/5.0 (Windows NT 10.0; Win64; x64) AppleWebKit/537.36 (KHTML, like Gecko) Chrome/89.0.4389.114 Safari/537.36"
[2021-04-05T12:35:57.693] [INFO] access - ::1 - - "POST /api/v1/aws-training-management-system/user/login HTTP/1.1" 200 200 "http://localhost:3001/api-docs/" "Mozilla/5.0 (Windows NT 10.0; Win64; x64) AppleWebKit/537.36 (KHTML, like Gecko) Chrome/89.0.4389.114 Safari/537.36"
[2021-04-05T12:36:26.228] [INFO] access - ::1 - - "GET /api/v1/aws-training-management-system/user/logout HTTP/1.1" 400 19 "http://localhost:3001/api-docs/" "Mozilla/5.0 (Windows NT 10.0; Win64; x64) AppleWebKit/537.36 (KHTML, like Gecko) Chrome/89.0.4389.114 Safari/537.36"
[2021-04-05T12:42:31.766] [INFO] access - ::1 - - "GET /api-docs/ HTTP/1.1" 304 - "" "Mozilla/5.0 (Windows NT 10.0; Win64; x64) AppleWebKit/537.36 (KHTML, like Gecko) Chrome/89.0.4389.114 Safari/537.36"
[2021-04-05T12:42:31.857] [INFO] access - ::1 - - "GET /api-docs/swagger-ui.css HTTP/1.1" 304 - "http://localhost:3001/api-docs/" "Mozilla/5.0 (Windows NT 10.0; Win64; x64) AppleWebKit/537.36 (KHTML, like Gecko) Chrome/89.0.4389.114 Safari/537.36"
[2021-04-05T12:42:31.873] [INFO] access - ::1 - - "GET /api-docs/swagger-ui-init.js HTTP/1.1" 304 - "http://localhost:3001/api-docs/" "Mozilla/5.0 (Windows NT 10.0; Win64; x64) AppleWebKit/537.36 (KHTML, like Gecko) Chrome/89.0.4389.114 Safari/537.36"
[2021-04-05T12:42:31.876] [INFO] access - ::1 - - "GET /api-docs/swagger-ui-bundle.js HTTP/1.1" 304 - "http://localhost:3001/api-docs/" "Mozilla/5.0 (Windows NT 10.0; Win64; x64) AppleWebKit/537.36 (KHTML, like Gecko) Chrome/89.0.4389.114 Safari/537.36"
[2021-04-05T12:42:31.881] [INFO] access - ::1 - - "GET /api-docs/swagger-ui-standalone-preset.js HTTP/1.1" 304 - "http://localhost:3001/api-docs/" "Mozilla/5.0 (Windows NT 10.0; Win64; x64) AppleWebKit/537.36 (KHTML, like Gecko) Chrome/89.0.4389.114 Safari/537.36"
[2021-04-05T12:42:32.895] [INFO] access - ::1 - - "GET /api-docs/favicon-32x32.png HTTP/1.1" 304 - "http://localhost:3001/api-docs/" "Mozilla/5.0 (Windows NT 10.0; Win64; x64) AppleWebKit/537.36 (KHTML, like Gecko) Chrome/89.0.4389.114 Safari/537.36"
[2021-04-05T12:42:38.293] [INFO] access - ::1 - - "GET /api-docs/ HTTP/1.1" 304 - "" "Mozilla/5.0 (Windows NT 10.0; Win64; x64) AppleWebKit/537.36 (KHTML, like Gecko) Chrome/89.0.4389.114 Safari/537.36"
[2021-04-05T12:42:38.365] [INFO] access - ::1 - - "GET /api-docs/swagger-ui.css HTTP/1.1" 304 - "http://localhost:3001/api-docs/" "Mozilla/5.0 (Windows NT 10.0; Win64; x64) AppleWebKit/537.36 (KHTML, like Gecko) Chrome/89.0.4389.114 Safari/537.36"
[2021-04-05T12:42:38.377] [INFO] access - ::1 - - "GET /api-docs/swagger-ui-bundle.js HTTP/1.1" 304 - "http://localhost:3001/api-docs/" "Mozilla/5.0 (Windows NT 10.0; Win64; x64) AppleWebKit/537.36 (KHTML, like Gecko) Chrome/89.0.4389.114 Safari/537.36"
[2021-04-05T12:42:38.385] [INFO] access - ::1 - - "GET /api-docs/swagger-ui-init.js HTTP/1.1" 304 - "http://localhost:3001/api-docs/" "Mozilla/5.0 (Windows NT 10.0; Win64; x64) AppleWebKit/537.36 (KHTML, like Gecko) Chrome/89.0.4389.114 Safari/537.36"
[2021-04-05T12:42:38.390] [INFO] access - ::1 - - "GET /api-docs/swagger-ui-standalone-preset.js HTTP/1.1" 304 - "http://localhost:3001/api-docs/" "Mozilla/5.0 (Windows NT 10.0; Win64; x64) AppleWebKit/537.36 (KHTML, like Gecko) Chrome/89.0.4389.114 Safari/537.36"
[2021-04-05T12:42:39.219] [INFO] access - ::1 - - "GET /api-docs/favicon-32x32.png HTTP/1.1" 304 - "http://localhost:3001/api-docs/" "Mozilla/5.0 (Windows NT 10.0; Win64; x64) AppleWebKit/537.36 (KHTML, like Gecko) Chrome/89.0.4389.114 Safari/537.36"
[2021-04-05T12:42:44.798] [INFO] access - ::1 - - "POST /api/v1/aws-training-management-system/user/login HTTP/1.1" 200 200 "http://localhost:3001/api-docs/" "Mozilla/5.0 (Windows NT 10.0; Win64; x64) AppleWebKit/537.36 (KHTML, like Gecko) Chrome/89.0.4389.114 Safari/537.36"
[2021-04-05T12:43:46.854] [INFO] access - ::1 - - "GET /api/v1/aws-training-management-system/user/logout HTTP/1.1" 400 19 "http://localhost:3001/api-docs/" "Mozilla/5.0 (Windows NT 10.0; Win64; x64) AppleWebKit/537.36 (KHTML, like Gecko) Chrome/89.0.4389.114 Safari/537.36"
[2021-04-05T12:49:41.175] [INFO] access - ::1 - - "GET /api-docs/ HTTP/1.1" 304 - "" "Mozilla/5.0 (Windows NT 10.0; Win64; x64) AppleWebKit/537.36 (KHTML, like Gecko) Chrome/89.0.4389.114 Safari/537.36"
[2021-04-05T12:49:41.291] [INFO] access - ::1 - - "GET /api-docs/swagger-ui.css HTTP/1.1" 304 - "http://localhost:3001/api-docs/" "Mozilla/5.0 (Windows NT 10.0; Win64; x64) AppleWebKit/537.36 (KHTML, like Gecko) Chrome/89.0.4389.114 Safari/537.36"
[2021-04-05T12:49:41.294] [INFO] access - ::1 - - "GET /api-docs/swagger-ui-bundle.js HTTP/1.1" 304 - "http://localhost:3001/api-docs/" "Mozilla/5.0 (Windows NT 10.0; Win64; x64) AppleWebKit/537.36 (KHTML, like Gecko) Chrome/89.0.4389.114 Safari/537.36"
[2021-04-05T12:49:41.299] [INFO] access - ::1 - - "GET /api-docs/swagger-ui-standalone-preset.js HTTP/1.1" 304 - "http://localhost:3001/api-docs/" "Mozilla/5.0 (Windows NT 10.0; Win64; x64) AppleWebKit/537.36 (KHTML, like Gecko) Chrome/89.0.4389.114 Safari/537.36"
[2021-04-05T12:49:41.302] [INFO] access - ::1 - - "GET /api-docs/swagger-ui-init.js HTTP/1.1" 304 - "http://localhost:3001/api-docs/" "Mozilla/5.0 (Windows NT 10.0; Win64; x64) AppleWebKit/537.36 (KHTML, like Gecko) Chrome/89.0.4389.114 Safari/537.36"
[2021-04-05T12:49:42.512] [INFO] access - ::1 - - "GET /api-docs/favicon-32x32.png HTTP/1.1" 304 - "http://localhost:3001/api-docs/" "Mozilla/5.0 (Windows NT 10.0; Win64; x64) AppleWebKit/537.36 (KHTML, like Gecko) Chrome/89.0.4389.114 Safari/537.36"
[2021-04-05T12:49:55.994] [INFO] access - ::1 - - "POST /api/v1/aws-training-management-system/user/login HTTP/1.1" 200 200 "http://localhost:3001/api-docs/" "Mozilla/5.0 (Windows NT 10.0; Win64; x64) AppleWebKit/537.36 (KHTML, like Gecko) Chrome/89.0.4389.114 Safari/537.36"
[2021-04-05T12:50:28.438] [INFO] access - ::1 - - "GET /api/v1/aws-training-management-system/user/logout HTTP/1.1" 400 19 "http://localhost:3001/api-docs/" "Mozilla/5.0 (Windows NT 10.0; Win64; x64) AppleWebKit/537.36 (KHTML, like Gecko) Chrome/89.0.4389.114 Safari/537.36"
[2021-04-05T12:51:23.258] [INFO] access - ::1 - - "GET /api-docs/ HTTP/1.1" 304 - "" "Mozilla/5.0 (Windows NT 10.0; Win64; x64) AppleWebKit/537.36 (KHTML, like Gecko) Chrome/89.0.4389.114 Safari/537.36"
[2021-04-05T12:51:23.328] [INFO] access - ::1 - - "GET /api-docs/swagger-ui.css HTTP/1.1" 304 - "http://localhost:3001/api-docs/" "Mozilla/5.0 (Windows NT 10.0; Win64; x64) AppleWebKit/537.36 (KHTML, like Gecko) Chrome/89.0.4389.114 Safari/537.36"
[2021-04-05T12:51:23.333] [INFO] access - ::1 - - "GET /api-docs/swagger-ui-bundle.js HTTP/1.1" 304 - "http://localhost:3001/api-docs/" "Mozilla/5.0 (Windows NT 10.0; Win64; x64) AppleWebKit/537.36 (KHTML, like Gecko) Chrome/89.0.4389.114 Safari/537.36"
[2021-04-05T12:51:23.358] [INFO] access - ::1 - - "GET /api-docs/swagger-ui-init.js HTTP/1.1" 304 - "http://localhost:3001/api-docs/" "Mozilla/5.0 (Windows NT 10.0; Win64; x64) AppleWebKit/537.36 (KHTML, like Gecko) Chrome/89.0.4389.114 Safari/537.36"
[2021-04-05T12:51:23.361] [INFO] access - ::1 - - "GET /api-docs/swagger-ui-standalone-preset.js HTTP/1.1" 304 - "http://localhost:3001/api-docs/" "Mozilla/5.0 (Windows NT 10.0; Win64; x64) AppleWebKit/537.36 (KHTML, like Gecko) Chrome/89.0.4389.114 Safari/537.36"
[2021-04-05T12:51:24.404] [INFO] access - ::1 - - "GET /api-docs/favicon-32x32.png HTTP/1.1" 304 - "http://localhost:3001/api-docs/" "Mozilla/5.0 (Windows NT 10.0; Win64; x64) AppleWebKit/537.36 (KHTML, like Gecko) Chrome/89.0.4389.114 Safari/537.36"
[2021-04-05T12:51:35.084] [INFO] access - ::1 - - "POST /api/v1/aws-training-management-system/user/login HTTP/1.1" 200 200 "http://localhost:3001/api-docs/" "Mozilla/5.0 (Windows NT 10.0; Win64; x64) AppleWebKit/537.36 (KHTML, like Gecko) Chrome/89.0.4389.114 Safari/537.36"
[2021-04-05T12:51:58.061] [INFO] access - ::1 - - "GET /api/v1/aws-training-management-system/user/logout HTTP/1.1" 401 - "http://localhost:3001/api-docs/" "Mozilla/5.0 (Windows NT 10.0; Win64; x64) AppleWebKit/537.36 (KHTML, like Gecko) Chrome/89.0.4389.114 Safari/537.36"
[2021-04-05T12:52:53.721] [INFO] access - ::1 - - "GET /api-docs/ HTTP/1.1" 304 - "" "Mozilla/5.0 (Windows NT 10.0; Win64; x64) AppleWebKit/537.36 (KHTML, like Gecko) Chrome/89.0.4389.114 Safari/537.36"
[2021-04-05T12:52:53.788] [INFO] access - ::1 - - "GET /api-docs/swagger-ui.css HTTP/1.1" 304 - "http://localhost:3001/api-docs/" "Mozilla/5.0 (Windows NT 10.0; Win64; x64) AppleWebKit/537.36 (KHTML, like Gecko) Chrome/89.0.4389.114 Safari/537.36"
[2021-04-05T12:52:53.809] [INFO] access - ::1 - - "GET /api-docs/swagger-ui-init.js HTTP/1.1" 200 19237 "http://localhost:3001/api-docs/" "Mozilla/5.0 (Windows NT 10.0; Win64; x64) AppleWebKit/537.36 (KHTML, like Gecko) Chrome/89.0.4389.114 Safari/537.36"
[2021-04-05T12:52:53.814] [INFO] access - ::1 - - "GET /api-docs/swagger-ui-bundle.js HTTP/1.1" 304 - "http://localhost:3001/api-docs/" "Mozilla/5.0 (Windows NT 10.0; Win64; x64) AppleWebKit/537.36 (KHTML, like Gecko) Chrome/89.0.4389.114 Safari/537.36"
[2021-04-05T12:52:53.819] [INFO] access - ::1 - - "GET /api-docs/swagger-ui-standalone-preset.js HTTP/1.1" 304 - "http://localhost:3001/api-docs/" "Mozilla/5.0 (Windows NT 10.0; Win64; x64) AppleWebKit/537.36 (KHTML, like Gecko) Chrome/89.0.4389.114 Safari/537.36"
[2021-04-05T12:52:54.746] [INFO] access - ::1 - - "GET /api-docs/favicon-32x32.png HTTP/1.1" 200 628 "http://localhost:3001/api-docs/" "Mozilla/5.0 (Windows NT 10.0; Win64; x64) AppleWebKit/537.36 (KHTML, like Gecko) Chrome/89.0.4389.114 Safari/537.36"
[2021-04-05T12:53:05.163] [INFO] access - ::1 - - "POST /api/v1/aws-training-management-system/user/login HTTP/1.1" 200 200 "http://localhost:3001/api-docs/" "Mozilla/5.0 (Windows NT 10.0; Win64; x64) AppleWebKit/537.36 (KHTML, like Gecko) Chrome/89.0.4389.114 Safari/537.36"
[2021-04-05T12:53:27.738] [INFO] access - ::1 - - "GET /api/v1/aws-training-management-system/user/all HTTP/1.1" 304 - "http://localhost:3001/api-docs/" "Mozilla/5.0 (Windows NT 10.0; Win64; x64) AppleWebKit/537.36 (KHTML, like Gecko) Chrome/89.0.4389.114 Safari/537.36"
[2021-04-05T12:53:35.965] [INFO] access - ::1 - - "GET /api/v1/aws-training-management-system/user/logout HTTP/1.1" 200 35 "http://localhost:3001/api-docs/" "Mozilla/5.0 (Windows NT 10.0; Win64; x64) AppleWebKit/537.36 (KHTML, like Gecko) Chrome/89.0.4389.114 Safari/537.36"
[2021-04-05T12:53:48.002] [INFO] access - ::1 - - "GET /api/v1/aws-training-management-system/user/all HTTP/1.1" 304 - "http://localhost:3001/api-docs/" "Mozilla/5.0 (Windows NT 10.0; Win64; x64) AppleWebKit/537.36 (KHTML, like Gecko) Chrome/89.0.4389.114 Safari/537.36"
[2021-04-05T12:53:50.322] [INFO] access - ::1 - - "GET /api/v1/aws-training-management-system/user/all HTTP/1.1" 304 - "http://localhost:3001/api-docs/" "Mozilla/5.0 (Windows NT 10.0; Win64; x64) AppleWebKit/537.36 (KHTML, like Gecko) Chrome/89.0.4389.114 Safari/537.36"
[2021-04-05T12:53:52.629] [INFO] access - ::1 - - "GET /api/v1/aws-training-management-system/user/all HTTP/1.1" 304 - "http://localhost:3001/api-docs/" "Mozilla/5.0 (Windows NT 10.0; Win64; x64) AppleWebKit/537.36 (KHTML, like Gecko) Chrome/89.0.4389.114 Safari/537.36"
[2021-04-05T12:59:02.609] [INFO] access - ::1 - - "GET /api-docs/ HTTP/1.1" 304 - "" "Mozilla/5.0 (Windows NT 10.0; Win64; x64) AppleWebKit/537.36 (KHTML, like Gecko) Chrome/89.0.4389.114 Safari/537.36"
[2021-04-05T12:59:02.710] [INFO] access - ::1 - - "GET /api-docs/swagger-ui.css HTTP/1.1" 304 - "http://localhost:3001/api-docs/" "Mozilla/5.0 (Windows NT 10.0; Win64; x64) AppleWebKit/537.36 (KHTML, like Gecko) Chrome/89.0.4389.114 Safari/537.36"
[2021-04-05T12:59:02.719] [INFO] access - ::1 - - "GET /api-docs/swagger-ui-bundle.js HTTP/1.1" 304 - "http://localhost:3001/api-docs/" "Mozilla/5.0 (Windows NT 10.0; Win64; x64) AppleWebKit/537.36 (KHTML, like Gecko) Chrome/89.0.4389.114 Safari/537.36"
[2021-04-05T12:59:02.727] [INFO] access - ::1 - - "GET /api-docs/swagger-ui-init.js HTTP/1.1" 304 - "http://localhost:3001/api-docs/" "Mozilla/5.0 (Windows NT 10.0; Win64; x64) AppleWebKit/537.36 (KHTML, like Gecko) Chrome/89.0.4389.114 Safari/537.36"
[2021-04-05T12:59:02.731] [INFO] access - ::1 - - "GET /api-docs/swagger-ui-standalone-preset.js HTTP/1.1" 304 - "http://localhost:3001/api-docs/" "Mozilla/5.0 (Windows NT 10.0; Win64; x64) AppleWebKit/537.36 (KHTML, like Gecko) Chrome/89.0.4389.114 Safari/537.36"
[2021-04-05T12:59:03.817] [INFO] access - ::1 - - "GET /api-docs/favicon-32x32.png HTTP/1.1" 304 - "http://localhost:3001/api-docs/" "Mozilla/5.0 (Windows NT 10.0; Win64; x64) AppleWebKit/537.36 (KHTML, like Gecko) Chrome/89.0.4389.114 Safari/537.36"
[2021-04-05T12:59:12.430] [INFO] access - ::1 - - "POST /api/v1/aws-training-management-system/user/login HTTP/1.1" 200 200 "http://localhost:3001/api-docs/" "Mozilla/5.0 (Windows NT 10.0; Win64; x64) AppleWebKit/537.36 (KHTML, like Gecko) Chrome/89.0.4389.114 Safari/537.36"
[2021-04-05T12:59:39.569] [INFO] access - ::1 - - "GET /api/v1/aws-training-management-system/user/logout HTTP/1.1" 503 62 "http://localhost:3001/api-docs/" "Mozilla/5.0 (Windows NT 10.0; Win64; x64) AppleWebKit/537.36 (KHTML, like Gecko) Chrome/89.0.4389.114 Safari/537.36"
[2021-04-05T13:00:00.240] [INFO] access - ::1 - - "GET /api/v1/aws-training-management-system/user/logout HTTP/1.1" 503 62 "http://localhost:3001/api-docs/" "Mozilla/5.0 (Windows NT 10.0; Win64; x64) AppleWebKit/537.36 (KHTML, like Gecko) Chrome/89.0.4389.114 Safari/537.36"
[2021-04-05T13:00:07.804] [INFO] access - ::1 - - "GET /api/v1/aws-training-management-system/user/logout HTTP/1.1" 503 62 "http://localhost:3001/api-docs/" "Mozilla/5.0 (Windows NT 10.0; Win64; x64) AppleWebKit/537.36 (KHTML, like Gecko) Chrome/89.0.4389.114 Safari/537.36"
[2021-04-05T13:00:30.780] [INFO] access - ::1 - - "GET /api/v1/aws-training-management-system/user/logout HTTP/1.1" 503 62 "http://localhost:3001/api-docs/" "Mozilla/5.0 (Windows NT 10.0; Win64; x64) AppleWebKit/537.36 (KHTML, like Gecko) Chrome/89.0.4389.114 Safari/537.36"
[2021-04-05T13:01:07.133] [INFO] access - ::1 - - "GET /api/v1/aws-training-management-system/user/logout HTTP/1.1" 503 62 "http://localhost:3001/api-docs/" "Mozilla/5.0 (Windows NT 10.0; Win64; x64) AppleWebKit/537.36 (KHTML, like Gecko) Chrome/89.0.4389.114 Safari/537.36"
[2021-04-05T13:02:14.605] [INFO] access - ::1 - - "GET /api/v1/aws-training-management-system/user/all HTTP/1.1" 304 - "http://localhost:3001/api-docs/" "Mozilla/5.0 (Windows NT 10.0; Win64; x64) AppleWebKit/537.36 (KHTML, like Gecko) Chrome/89.0.4389.114 Safari/537.36"
[2021-04-05T13:02:20.747] [INFO] access - ::1 - - "GET /api/v1/aws-training-management-system/user/logout HTTP/1.1" 200 35 "http://localhost:3001/api-docs/" "Mozilla/5.0 (Windows NT 10.0; Win64; x64) AppleWebKit/537.36 (KHTML, like Gecko) Chrome/89.0.4389.114 Safari/537.36"
[2021-04-05T13:02:28.339] [INFO] access - ::1 - - "GET /api/v1/aws-training-management-system/user/all HTTP/1.1" 304 - "http://localhost:3001/api-docs/" "Mozilla/5.0 (Windows NT 10.0; Win64; x64) AppleWebKit/537.36 (KHTML, like Gecko) Chrome/89.0.4389.114 Safari/537.36"
[2021-04-05T13:02:31.379] [INFO] access - ::1 - - "GET /api/v1/aws-training-management-system/user/all HTTP/1.1" 304 - "http://localhost:3001/api-docs/" "Mozilla/5.0 (Windows NT 10.0; Win64; x64) AppleWebKit/537.36 (KHTML, like Gecko) Chrome/89.0.4389.114 Safari/537.36"
[2021-04-05T13:02:58.346] [INFO] access - ::1 - - "GET /api/v1/aws-training-management-system/user/logout HTTP/1.1" 304 - "http://localhost:3001/api-docs/" "Mozilla/5.0 (Windows NT 10.0; Win64; x64) AppleWebKit/537.36 (KHTML, like Gecko) Chrome/89.0.4389.114 Safari/537.36"
[2021-04-05T13:05:45.041] [INFO] access - ::1 - - "GET /api/v1/aws-training-management-system/user/all HTTP/1.1" 401 - "http://localhost:3001/api-docs/" "Mozilla/5.0 (Windows NT 10.0; Win64; x64) AppleWebKit/537.36 (KHTML, like Gecko) Chrome/89.0.4389.114 Safari/537.36"
[2021-04-05T13:05:53.324] [INFO] access - ::1 - - "GET /api/v1/aws-training-management-system/user/logout HTTP/1.1" 401 - "http://localhost:3001/api-docs/" "Mozilla/5.0 (Windows NT 10.0; Win64; x64) AppleWebKit/537.36 (KHTML, like Gecko) Chrome/89.0.4389.114 Safari/537.36"
[2021-04-05T13:07:12.626] [INFO] access - ::1 - - "GET /api-docs/ HTTP/1.1" 304 - "" "Mozilla/5.0 (Windows NT 10.0; Win64; x64) AppleWebKit/537.36 (KHTML, like Gecko) Chrome/89.0.4389.114 Safari/537.36"
[2021-04-05T13:07:12.731] [INFO] access - ::1 - - "GET /api-docs/swagger-ui.css HTTP/1.1" 304 - "http://localhost:3001/api-docs/" "Mozilla/5.0 (Windows NT 10.0; Win64; x64) AppleWebKit/537.36 (KHTML, like Gecko) Chrome/89.0.4389.114 Safari/537.36"
[2021-04-05T13:07:12.734] [INFO] access - ::1 - - "GET /api-docs/swagger-ui-bundle.js HTTP/1.1" 304 - "http://localhost:3001/api-docs/" "Mozilla/5.0 (Windows NT 10.0; Win64; x64) AppleWebKit/537.36 (KHTML, like Gecko) Chrome/89.0.4389.114 Safari/537.36"
[2021-04-05T13:07:12.743] [INFO] access - ::1 - - "GET /api-docs/swagger-ui-init.js HTTP/1.1" 304 - "http://localhost:3001/api-docs/" "Mozilla/5.0 (Windows NT 10.0; Win64; x64) AppleWebKit/537.36 (KHTML, like Gecko) Chrome/89.0.4389.114 Safari/537.36"
[2021-04-05T13:07:12.746] [INFO] access - ::1 - - "GET /api-docs/swagger-ui-standalone-preset.js HTTP/1.1" 304 - "http://localhost:3001/api-docs/" "Mozilla/5.0 (Windows NT 10.0; Win64; x64) AppleWebKit/537.36 (KHTML, like Gecko) Chrome/89.0.4389.114 Safari/537.36"
[2021-04-05T13:07:14.512] [INFO] access - ::1 - - "GET /api-docs/favicon-32x32.png HTTP/1.1" 304 - "http://localhost:3001/api-docs/" "Mozilla/5.0 (Windows NT 10.0; Win64; x64) AppleWebKit/537.36 (KHTML, like Gecko) Chrome/89.0.4389.114 Safari/537.36"
[2021-04-05T13:07:21.693] [INFO] access - ::1 - - "POST /api/v1/aws-training-management-system/user/login HTTP/1.1" 200 200 "http://localhost:3001/api-docs/" "Mozilla/5.0 (Windows NT 10.0; Win64; x64) AppleWebKit/537.36 (KHTML, like Gecko) Chrome/89.0.4389.114 Safari/537.36"
[2021-04-05T13:07:48.920] [INFO] access - ::1 - - "GET /api/v1/aws-training-management-system/user/logout HTTP/1.1" 304 - "http://localhost:3001/api-docs/" "Mozilla/5.0 (Windows NT 10.0; Win64; x64) AppleWebKit/537.36 (KHTML, like Gecko) Chrome/89.0.4389.114 Safari/537.36"
[2021-04-05T13:07:58.627] [INFO] access - ::1 - - "GET /api/v1/aws-training-management-system/user/all HTTP/1.1" 304 - "http://localhost:3001/api-docs/" "Mozilla/5.0 (Windows NT 10.0; Win64; x64) AppleWebKit/537.36 (KHTML, like Gecko) Chrome/89.0.4389.114 Safari/537.36"
[2021-04-05T14:16:51.859] [INFO] access - ::ffff:127.0.0.1 - - "GET /api/v1/aws-training-management-system/skill/id/2 HTTP/1.1" 401 - "" "node-superagent/3.8.3"
[2021-04-05T14:16:51.966] [INFO] access - ::ffff:127.0.0.1 - - "GET /api/v1/aws-training-management-system/skill/id/10 HTTP/1.1" 401 - "" "node-superagent/3.8.3"
[2021-04-05T14:16:52.090] [INFO] access - ::ffff:127.0.0.1 - - "GET /api/v1/aws-training-management-system/skill/id/abcd HTTP/1.1" 401 - "" "node-superagent/3.8.3"
[2021-04-05T14:16:52.114] [INFO] access - ::ffff:127.0.0.1 - - "GET /api/v1/aws-training-management-system/skill/id/10 HTTP/1.1" 401 - "" "node-superagent/3.8.3"
[2021-04-05T14:16:52.288] [INFO] access - ::ffff:127.0.0.1 - - "POST /api/v1/aws-training-management-system/skill HTTP/1.1" 200 13 "" "node-superagent/3.8.3"
[2021-04-05T14:16:52.314] [INFO] access - ::ffff:127.0.0.1 - - "POST /api/v1/aws-training-management-system/skill HTTP/1.1" 400 63 "" "node-superagent/3.8.3"
[2021-04-05T14:16:52.339] [INFO] access - ::ffff:127.0.0.1 - - "POST /api/v1/aws-training-management-system/skill HTTP/1.1" 503 62 "" "node-superagent/3.8.3"
[2021-04-05T14:16:52.360] [INFO] access - ::ffff:127.0.0.1 - - "POST /api/v1/aws-training-management-system/skill HTTP/1.1" 409 36 "" "node-superagent/3.8.3"
[2021-04-05T14:16:52.382] [INFO] access - ::ffff:127.0.0.1 - - "PUT /api/v1/aws-training-management-system/skill/1 HTTP/1.1" 200 15 "" "node-superagent/3.8.3"
[2021-04-05T14:16:52.404] [INFO] access - ::ffff:127.0.0.1 - - "PUT /api/v1/aws-training-management-system/skill/1 HTTP/1.1" 404 52 "" "node-superagent/3.8.3"
[2021-04-05T14:16:52.419] [INFO] access - ::ffff:127.0.0.1 - - "PUT /api/v1/aws-training-management-system/skill/fsadfdadsads HTTP/1.1" 400 44 "" "node-superagent/3.8.3"
[2021-04-05T14:16:52.434] [INFO] access - ::ffff:127.0.0.1 - - "PUT /api/v1/aws-training-management-system/skill/1 HTTP/1.1" 400 63 "" "node-superagent/3.8.3"
[2021-04-05T14:16:52.457] [INFO] access - ::ffff:127.0.0.1 - - "DELETE /api/v1/aws-training-management-system/skill/1 HTTP/1.1" 200 15 "" "node-superagent/3.8.3"
[2021-04-05T14:16:52.470] [INFO] access - ::ffff:127.0.0.1 - - "DELETE /api/v1/aws-training-management-system/skill/1 HTTP/1.1" 404 52 "" "node-superagent/3.8.3"
[2021-04-05T14:16:52.484] [INFO] access - ::ffff:127.0.0.1 - - "DELETE /api/v1/aws-training-management-system/skill/sadfdsf HTTP/1.1" 400 44 "" "node-superagent/3.8.3"
[2021-04-05T14:16:52.533] [INFO] access - ::ffff:127.0.0.1 - - "DELETE /api/v1/aws-training-management-system/skill/1 HTTP/1.1" 503 62 "" "node-superagent/3.8.3"
[2021-04-05T14:16:52.553] [INFO] access - ::ffff:127.0.0.1 - - "GET /api/v1/aws-training-management-system/skill/all HTTP/1.1" 200 211 "" "node-superagent/3.8.3"
[2021-04-05T14:16:52.611] [INFO] access - ::ffff:127.0.0.1 - - "GET /api/v1/aws-training-management-system/skill/all HTTP/1.1" 503 62 "" "node-superagent/3.8.3"
[2021-04-05T14:16:52.632] [INFO] access - ::ffff:127.0.0.1 - - "GET /api/v1/aws-training-management-system/skill/all HTTP/1.1" 200 2 "" "node-superagent/3.8.3"
[2021-04-05T15:21:12.351] [INFO] access - ::ffff:127.0.0.1 - - "GET /api/v1/aws-training-management-system/skill/id/2 HTTP/1.1" 401 - "" "node-superagent/3.8.3"
[2021-04-05T15:21:12.513] [INFO] access - ::ffff:127.0.0.1 - - "GET /api/v1/aws-training-management-system/skill/id/10 HTTP/1.1" 401 - "" "node-superagent/3.8.3"
[2021-04-05T15:21:12.677] [INFO] access - ::ffff:127.0.0.1 - - "GET /api/v1/aws-training-management-system/skill/id/abcd HTTP/1.1" 401 - "" "node-superagent/3.8.3"
[2021-04-05T15:21:12.702] [INFO] access - ::ffff:127.0.0.1 - - "GET /api/v1/aws-training-management-system/skill/id/10 HTTP/1.1" 401 - "" "node-superagent/3.8.3"
[2021-04-05T15:21:13.447] [INFO] access - ::ffff:127.0.0.1 - - "POST /api/v1/aws-training-management-system/skill HTTP/1.1" 200 13 "" "node-superagent/3.8.3"
[2021-04-05T15:21:13.630] [INFO] access - ::ffff:127.0.0.1 - - "POST /api/v1/aws-training-management-system/skill HTTP/1.1" 400 63 "" "node-superagent/3.8.3"
[2021-04-05T15:21:13.690] [INFO] access - ::ffff:127.0.0.1 - - "POST /api/v1/aws-training-management-system/skill HTTP/1.1" 503 62 "" "node-superagent/3.8.3"
[2021-04-05T15:21:13.713] [INFO] access - ::ffff:127.0.0.1 - - "POST /api/v1/aws-training-management-system/skill HTTP/1.1" 409 36 "" "node-superagent/3.8.3"
[2021-04-05T15:21:13.767] [INFO] access - ::ffff:127.0.0.1 - - "PUT /api/v1/aws-training-management-system/skill/1 HTTP/1.1" 200 15 "" "node-superagent/3.8.3"
[2021-04-05T15:21:13.785] [INFO] access - ::ffff:127.0.0.1 - - "PUT /api/v1/aws-training-management-system/skill/1 HTTP/1.1" 404 52 "" "node-superagent/3.8.3"
[2021-04-05T15:21:13.851] [INFO] access - ::ffff:127.0.0.1 - - "PUT /api/v1/aws-training-management-system/skill/fsadfdadsads HTTP/1.1" 400 44 "" "node-superagent/3.8.3"
[2021-04-05T15:21:13.872] [INFO] access - ::ffff:127.0.0.1 - - "PUT /api/v1/aws-training-management-system/skill/1 HTTP/1.1" 400 63 "" "node-superagent/3.8.3"
[2021-04-05T15:21:14.664] [INFO] access - ::ffff:127.0.0.1 - - "DELETE /api/v1/aws-training-management-system/skill/1 HTTP/1.1" 404 52 "" "node-superagent/3.8.3"
[2021-04-05T15:21:14.680] [INFO] access - ::ffff:127.0.0.1 - - "DELETE /api/v1/aws-training-management-system/skill/sadfdsf HTTP/1.1" 400 44 "" "node-superagent/3.8.3"
[2021-04-05T15:21:14.697] [INFO] access - ::ffff:127.0.0.1 - - "DELETE /api/v1/aws-training-management-system/skill/1 HTTP/1.1" 200 15 "" "node-superagent/3.8.3"
[2021-04-05T15:21:14.706] [INFO] access - ::ffff:127.0.0.1 - - "DELETE /api/v1/aws-training-management-system/skill/1 HTTP/1.1" 503 62 "" "node-superagent/3.8.3"
[2021-04-05T15:21:14.766] [INFO] access - ::ffff:127.0.0.1 - - "GET /api/v1/aws-training-management-system/skill/all HTTP/1.1" 200 211 "" "node-superagent/3.8.3"
[2021-04-05T15:21:14.797] [INFO] access - ::ffff:127.0.0.1 - - "GET /api/v1/aws-training-management-system/skill/all HTTP/1.1" 503 62 "" "node-superagent/3.8.3"
[2021-04-05T15:21:14.822] [INFO] access - ::ffff:127.0.0.1 - - "GET /api/v1/aws-training-management-system/skill/all HTTP/1.1" 200 2 "" "node-superagent/3.8.3"
[2021-04-06T14:45:37.660] [INFO] access - ::1 - - "GET /api-docs HTTP/1.1" 301 183 "" "Mozilla/5.0 (Windows NT 10.0; Win64; x64) AppleWebKit/537.36 (KHTML, like Gecko) Chrome/89.0.4389.114 Safari/537.36"
[2021-04-06T14:45:37.673] [INFO] access - ::1 - - "GET /api-docs/ HTTP/1.1" 304 - "" "Mozilla/5.0 (Windows NT 10.0; Win64; x64) AppleWebKit/537.36 (KHTML, like Gecko) Chrome/89.0.4389.114 Safari/537.36"
[2021-04-06T14:45:37.735] [INFO] access - ::1 - - "GET /api-docs/swagger-ui.css HTTP/1.1" 304 - "http://localhost:3001/api-docs/" "Mozilla/5.0 (Windows NT 10.0; Win64; x64) AppleWebKit/537.36 (KHTML, like Gecko) Chrome/89.0.4389.114 Safari/537.36"
[2021-04-06T14:45:37.744] [INFO] access - ::1 - - "GET /api-docs/swagger-ui-bundle.js HTTP/1.1" 304 - "http://localhost:3001/api-docs/" "Mozilla/5.0 (Windows NT 10.0; Win64; x64) AppleWebKit/537.36 (KHTML, like Gecko) Chrome/89.0.4389.114 Safari/537.36"
[2021-04-06T14:45:37.760] [INFO] access - ::1 - - "GET /api-docs/swagger-ui-standalone-preset.js HTTP/1.1" 304 - "http://localhost:3001/api-docs/" "Mozilla/5.0 (Windows NT 10.0; Win64; x64) AppleWebKit/537.36 (KHTML, like Gecko) Chrome/89.0.4389.114 Safari/537.36"
[2021-04-06T14:45:37.791] [INFO] access - ::1 - - "GET /api-docs/swagger-ui-init.js HTTP/1.1" 304 - "http://localhost:3001/api-docs/" "Mozilla/5.0 (Windows NT 10.0; Win64; x64) AppleWebKit/537.36 (KHTML, like Gecko) Chrome/89.0.4389.114 Safari/537.36"
[2021-04-06T14:45:39.412] [INFO] access - ::1 - - "GET /api-docs/favicon-32x32.png HTTP/1.1" 200 628 "http://localhost:3001/api-docs/" "Mozilla/5.0 (Windows NT 10.0; Win64; x64) AppleWebKit/537.36 (KHTML, like Gecko) Chrome/89.0.4389.114 Safari/537.36"
[2021-04-06T14:45:43.335] [INFO] access - ::1 - - "GET /api-docs/ HTTP/1.1" 304 - "" "Mozilla/5.0 (Windows NT 10.0; Win64; x64) AppleWebKit/537.36 (KHTML, like Gecko) Chrome/89.0.4389.114 Safari/537.36"
[2021-04-06T14:45:43.474] [INFO] access - ::1 - - "GET /api-docs/swagger-ui.css HTTP/1.1" 304 - "http://localhost:3001/api-docs/" "Mozilla/5.0 (Windows NT 10.0; Win64; x64) AppleWebKit/537.36 (KHTML, like Gecko) Chrome/89.0.4389.114 Safari/537.36"
[2021-04-06T14:45:43.483] [INFO] access - ::1 - - "GET /api-docs/swagger-ui-init.js HTTP/1.1" 304 - "http://localhost:3001/api-docs/" "Mozilla/5.0 (Windows NT 10.0; Win64; x64) AppleWebKit/537.36 (KHTML, like Gecko) Chrome/89.0.4389.114 Safari/537.36"
[2021-04-06T14:45:43.485] [INFO] access - ::1 - - "GET /api-docs/swagger-ui-bundle.js HTTP/1.1" 304 - "http://localhost:3001/api-docs/" "Mozilla/5.0 (Windows NT 10.0; Win64; x64) AppleWebKit/537.36 (KHTML, like Gecko) Chrome/89.0.4389.114 Safari/537.36"
[2021-04-06T14:45:43.489] [INFO] access - ::1 - - "GET /api-docs/swagger-ui-standalone-preset.js HTTP/1.1" 304 - "http://localhost:3001/api-docs/" "Mozilla/5.0 (Windows NT 10.0; Win64; x64) AppleWebKit/537.36 (KHTML, like Gecko) Chrome/89.0.4389.114 Safari/537.36"
[2021-04-06T14:45:44.161] [INFO] access - ::1 - - "GET /api-docs/favicon-32x32.png HTTP/1.1" 200 628 "http://localhost:3001/api-docs/" "Mozilla/5.0 (Windows NT 10.0; Win64; x64) AppleWebKit/537.36 (KHTML, like Gecko) Chrome/89.0.4389.114 Safari/537.36"
[2021-04-06T14:57:49.473] [INFO] access - ::1 - - "POST /api/v1/aws-training-management-system/user/login HTTP/1.1" 200 398 "http://localhost:3001/api-docs/" "Mozilla/5.0 (Windows NT 10.0; Win64; x64) AppleWebKit/537.36 (KHTML, like Gecko) Chrome/89.0.4389.114 Safari/537.36"
[2021-04-06T16:01:22.687] [INFO] access - ::1 - - "POST /api/v1/aws-training-management-system/user/login HTTP/1.1" 200 398 "http://localhost:3001/api-docs/" "Mozilla/5.0 (Windows NT 10.0; Win64; x64) AppleWebKit/537.36 (KHTML, like Gecko) Chrome/89.0.4389.114 Safari/537.36"
